Vivado Simulator 2020.1
Copyright 1986-1999, 2001-2020 Xilinx, Inc. All Rights Reserved.
Running: C:/Xilinx/Vivado/2020.1/bin/unwrapped/win64.o/xelab.exe -wto bd6d25006ade442db9aaaabc6e18859e --incr --debug typical --relax --mt 2 -L xil_defaultlib -L unisims_ver -L unimacro_ver -L secureip --snapshot RiscVPipelined_TB_behav xil_defaultlib.RiscVPipelined_TB xil_defaultlib.glbl -log elaborate.log 
Using 2 slave threads.
Starting static elaboration
Pass Through NonSizing Optimizer
Completed static elaboration
Starting simulation data flow analysis
Completed simulation data flow analysis
Time Resolution for simulation is 1ps
Compiling module xil_defaultlib.MUX_2x1
Compiling module xil_defaultlib.Program_Counter
Compiling module xil_defaultlib.Adder
Compiling module xil_defaultlib.instruction_memory
Compiling module xil_defaultlib.IF_ID_reg
Compiling module xil_defaultlib.instruction_parser
Compiling module xil_defaultlib.Control_Unit
Compiling module xil_defaultlib.imm_data_extractor
Compiling module xil_defaultlib.register_file
Compiling module xil_defaultlib.ID_EX_reg
Compiling module xil_defaultlib.ALU_Control
Compiling module xil_defaultlib.ALU_64_bit
Compiling module xil_defaultlib.EX_MEM_reg
Compiling module xil_defaultlib.Data_memory
Compiling module xil_defaultlib.MEM_WB_reg
Compiling module xil_defaultlib.RISC_V_Pipelined
Compiling module xil_defaultlib.RiscVPipelined_TB
Compiling module xil_defaultlib.glbl
Built simulation snapshot RiscVPipelined_TB_behav
