Vivado Simulator 2020.1
Copyright 1986-1999, 2001-2020 Xilinx, Inc. All Rights Reserved.
Running: C:/Xilinx/Vivado/2020.1/bin/unwrapped/win64.o/xelab.exe -wto b2e5d5e1e53c4e0c8927b0a37ef055f8 --incr --debug typical --relax --mt 2 -L xil_defaultlib -L unisims_ver -L unimacro_ver -L secureip --snapshot RISCV_TB_behav xil_defaultlib.RISCV_TB xil_defaultlib.glbl -log elaborate.log 
Using 2 slave threads.
Starting static elaboration
Pass Through NonSizing Optimizer
Completed static elaboration
Starting simulation data flow analysis
Completed simulation data flow analysis
Time Resolution for simulation is 1ps
Compiling module xil_defaultlib.Adder
Compiling module xil_defaultlib.MUX_2x1
Compiling module xil_defaultlib.Program_Counter
Compiling module xil_defaultlib.Instruction_Memory
Compiling module xil_defaultlib.Instruction_Parser
Compiling module xil_defaultlib.imm_data_extractor
Compiling module xil_defaultlib.Control_Unit
Compiling module xil_defaultlib.Register_File
Compiling module xil_defaultlib.ALU_Control
Compiling module xil_defaultlib.ALU_64_bit
Compiling module xil_defaultlib.Branch_Unit
Compiling module xil_defaultlib.Data_Memory
Compiling module xil_defaultlib.RiscV_processor
Compiling module xil_defaultlib.RISCV_TB
Compiling module xil_defaultlib.glbl
Built simulation snapshot RISCV_TB_behav
